[0m[[0m[0mdebug[0m] [0m[0m> Exec(;Test/compile; collectAnalyses, None, Some(CommandSource(network-1)))[0m
[0m[[0m[0mdebug[0m] [0m[0munmatched Processing event for requestId None: None[0m
[0m[[0m[0mdebug[0m] [0m[0munmatched Done event for requestId None: None[0m
[0m[[0m[0mdebug[0m] [0m[0m> Exec(Test/compile, None, Some(CommandSource(network-1)))[0m
[0m[[0m[0mdebug[0m] [0m[0munmatched Processing event for requestId None: None[0m
[0m[[0m[0mdebug[0m] [0m[0mEvaluating tasks: Test / compile[0m
[0m[[0m[0mdebug[0m] [0m[0mRunning task... Cancel: Signal, check cycles: false, forcegc: true[0m
[0m[[0m[0mdebug[0m] [0m[0mjsonRpcNotify: JsonRpcNotificationMessage(2.0, build/taskStart, {"taskId":{"id":"74","parents":[]},"eventTime":1657870668084,"message":"Compiling mastermind","dataKind":"compile-task","data":{"target":{"uri":"file:/C:/Users/msi/Desktop/Mastermind/#mastermind/Compile"}}})[0m
[0m[[0m[0minfo[0m] [0m[0mcompiling 3 Scala sources to C:\Users\msi\Desktop\Mastermind\target\scala-2.12\classes ...[0m
[0m[[0m[0mdebug[0m] [0m[0mjsonRpcNotify: JsonRpcNotificationMessage(2.0, build/logMessage, {"type":3,"message":"compiling 3 Scala sources to C:\\Users\\msi\\Desktop\\Mastermind\\target\\scala-2.12\\classes ..."})[0m
[0m[[0m[0mdebug[0m] [0m[0mjsonRpcNotify: JsonRpcNotificationMessage(2.0, build/taskProgress, {"taskId":{"id":"74","parents":[]},"eventTime":1657870668300,"message":"Compiling mastermind (5%)","total":78,"progress":5,"dataKind":"compile-progress","data":{"target":{"uri":"file:/C:/Users/msi/Desktop/Mastermind/#mastermind/Compile"}}})[0m
[0m[[0m[0mdebug[0m] [0m[0mjsonRpcNotify: JsonRpcNotificationMessage(2.0, build/publishDiagnostics, {"textDocument":{"uri":"file:///C:/Users/msi/Desktop/Mastermind/src/main/scala/ch/makery/mastermind/view/mainMenuController.scala"},"buildTarget":{"uri":"file:/C:/Users/msi/Desktop/Mastermind/#mastermind/Compile"},"diagnostics":[{"range":{"start":{"line":12,"character":6},"end":{"line":12,"character":7}},"severity":1,"source":"sbt","message":"mainMenuController is already defined as class mainMenuController"}],"reset":false})[0m
[0m[[0m[31merror[0m] [0m[0mC:\Users\msi\Desktop\Mastermind\src\main\scala\ch\makery\mastermind\view\mainMenuController.scala:13:7: mainMenuController is already defined as class mainMenuController[0m
[0m[[0m[31merror[0m] [0m[0mclass mainMenuController([0m
[0m[[0m[31merror[0m] [0m[0m      ^[0m
[0m[[0m[0mdebug[0m] [0m[0mjsonRpcNotify: JsonRpcNotificationMessage(2.0, build/logMessage, {"type":1,"message":"C:\\Users\\msi\\Desktop\\Mastermind\\src\\main\\scala\\ch\\makery\\mastermind\\view\\mainMenuController.scala:13:7: mainMenuController is already defined as class mainMenuController"})[0m
[0m[[0m[0mdebug[0m] [0m[0mjsonRpcNotify: JsonRpcNotificationMessage(2.0, build/logMessage, {"type":1,"message":"class mainMenuController("})[0m
[0m[[0m[0mdebug[0m] [0m[0mjsonRpcNotify: JsonRpcNotificationMessage(2.0, build/logMessage, {"type":1,"message":"      ^"})[0m
[0m[[0m[31merror[0m] [0m[0mone error found[0m
[0m[[0m[0mdebug[0m] [0m[0mjsonRpcNotify: JsonRpcNotificationMessage(2.0, build/logMessage, {"type":1,"message":"one error found"})[0m
[0m[[0m[0mdebug[0m] [0m[0mjsonRpcNotify: JsonRpcNotificationMessage(2.0, build/publishDiagnostics, {"textDocument":{"uri":"file:///C:/Users/msi/Desktop/Mastermind/src/main/scala/ch/makery/mastermind/MainApp.scala"},"buildTarget":{"uri":"file:/C:/Users/msi/Desktop/Mastermind/#mastermind/Compile"},"diagnostics":[],"reset":true})[0m
[0m[[0m[0mdebug[0m] [0m[0mjsonRpcNotify: JsonRpcNotificationMessage(2.0, build/publishDiagnostics, {"textDocument":{"uri":"file:///C:/Users/msi/Desktop/Mastermind/src/main/scala/ch/makery/mastermind/view/howToPlayController.scala"},"buildTarget":{"uri":"file:/C:/Users/msi/Desktop/Mastermind/#mastermind/Compile"},"diagnostics":[],"reset":true})[0m
[0m[[0m[0mdebug[0m] [0m[0mjsonRpcNotify: JsonRpcNotificationMessage(2.0, build/publishDiagnostics, {"textDocument":{"uri":"file:///C:/Users/msi/Desktop/Mastermind/src/main/scala/ch/makery/mastermind/view/mainMenuController.scala"},"buildTarget":{"uri":"file:/C:/Users/msi/Desktop/Mastermind/#mastermind/Compile"},"diagnostics":[{"range":{"start":{"line":12,"character":6},"end":{"line":12,"character":7}},"severity":1,"source":"sbt","message":"mainMenuController is already defined as class mainMenuController"}],"reset":true})[0m
[0m[[0m[0mdebug[0m] [0m[0mjsonRpcNotify: JsonRpcNotificationMessage(2.0, build/taskFinish, {"taskId":{"id":"74","parents":[]},"eventTime":1657870668331,"message":"Compiled mastermind","status":2,"dataKind":"compile-report","data":{"target":{"uri":"file:/C:/Users/msi/Desktop/Mastermind/#mastermind/Compile"},"errors":1,"warnings":0,"time":247}})[0m
[0m[[0m[0mdebug[0m] [0m[0munmatched json error for requestId None: {"code":-32603,"message":"(Compile / \u001b[31mcompileIncremental\u001b[0m) Compilation failed"}[0m
[0m[[0m[31merror[0m] [0m[0m(Compile / [31mcompileIncremental[0m) Compilation failed[0m
[0m[[0m[0mdebug[0m] [0m[0mjsonRpcNotify: JsonRpcNotificationMessage(2.0, build/logMessage, {"type":1,"message":"(Compile / \u001b[31mcompileIncremental\u001b[0m) Compilation failed"})[0m
[0m[[0m[31merror[0m] [0m[0mTotal time: 0 s, completed Jul 15, 2022 3:37:48 PM[0m
[0m[[0m[0mdebug[0m] [0m[0munmatched Done event for requestId None: None[0m
[0m[[0m[0mdebug[0m] [0m[0m> Exec(shell, None, None)[0m
[0m[[0m[0mdebug[0m] [0m[0msymbol background[0m
[0m[[0m[0mdebug[0m] [0m[0mlsp-definition potentials: Set()[0m
[0m[[0m[0mdebug[0m] [0m[0mlsp-definition locations Vector()[0m
