[0m[[0m[0mdebug[0m] [0m[0m> Exec(;Test/compile; collectAnalyses, None, Some(CommandSource(network-1)))[0m
[0m[[0m[0mdebug[0m] [0m[0munmatched Processing event for requestId None: None[0m
[0m[[0m[0mdebug[0m] [0m[0munmatched Done event for requestId None: None[0m
[0m[[0m[0mdebug[0m] [0m[0m> Exec(Test/compile, None, Some(CommandSource(network-1)))[0m
[0m[[0m[0mdebug[0m] [0m[0munmatched Processing event for requestId None: None[0m
[0m[[0m[0mdebug[0m] [0m[0mEvaluating tasks: Test / compile[0m
[0m[[0m[0mdebug[0m] [0m[0mRunning task... Cancel: Signal, check cycles: false, forcegc: true[0m
[0m[[0m[0mdebug[0m] [0m[0mjsonRpcNotify: JsonRpcNotificationMessage(2.0, build/taskStart, {"taskId":{"id":"3","parents":[]},"eventTime":1658306418926,"message":"Compiling mastermind-scala","dataKind":"compile-task","data":{"target":{"uri":"file:/C:/Users/msi/Documents/GitHub/Mastermind-Scala/#mastermind-scala/Compile"}}})[0m
[0m[[0m[0minfo[0m] [0m[0mcompiling 1 Scala source to C:\Users\msi\Documents\GitHub\Mastermind-Scala\target\scala-2.12\classes ...[0m
[0m[[0m[0mdebug[0m] [0m[0mjsonRpcNotify: JsonRpcNotificationMessage(2.0, build/logMessage, {"type":3,"message":"compiling 1 Scala source to C:\\Users\\msi\\Documents\\GitHub\\Mastermind-Scala\\target\\scala-2.12\\classes ..."})[0m
[0m[[0m[0mdebug[0m] [0m[0mjsonRpcNotify: JsonRpcNotificationMessage(2.0, build/taskProgress, {"taskId":{"id":"3","parents":[]},"eventTime":1658306419448,"message":"Compiling mastermind-scala (15%)","total":26,"progress":15,"dataKind":"compile-progress","data":{"target":{"uri":"file:/C:/Users/msi/Documents/GitHub/Mastermind-Scala/#mastermind-scala/Compile"}}})[0m
[0m[[0m[0mdebug[0m] [0m[0mjsonRpcNotify: JsonRpcNotificationMessage(2.0, build/taskProgress, {"taskId":{"id":"3","parents":[]},"eventTime":1658306419449,"message":"Compiling mastermind-scala (15%)","total":26,"progress":15,"dataKind":"compile-progress","data":{"target":{"uri":"file:/C:/Users/msi/Documents/GitHub/Mastermind-Scala/#mastermind-scala/Compile"}}})[0m
[0m[[0m[0mdebug[0m] [0m[0mjsonRpcNotify: JsonRpcNotificationMessage(2.0, build/taskProgress, {"taskId":{"id":"3","parents":[]},"eventTime":1658306419456,"message":"Compiling mastermind-scala (30%)","total":26,"progress":30,"dataKind":"compile-progress","data":{"target":{"uri":"file:/C:/Users/msi/Documents/GitHub/Mastermind-Scala/#mastermind-scala/Compile"}}})[0m
[0m[[0m[0mdebug[0m] [0m[0mjsonRpcNotify: JsonRpcNotificationMessage(2.0, build/taskProgress, {"taskId":{"id":"3","parents":[]},"eventTime":1658306419457,"message":"Compiling mastermind-scala (30%)","total":26,"progress":30,"dataKind":"compile-progress","data":{"target":{"uri":"file:/C:/Users/msi/Documents/GitHub/Mastermind-Scala/#mastermind-scala/Compile"}}})[0m
[0m[[0m[0mdebug[0m] [0m[0mjsonRpcNotify: JsonRpcNotificationMessage(2.0, build/taskProgress, {"taskId":{"id":"3","parents":[]},"eventTime":1658306419588,"message":"Compiling mastermind-scala (50%)","total":26,"progress":50,"dataKind":"compile-progress","data":{"target":{"uri":"file:/C:/Users/msi/Documents/GitHub/Mastermind-Scala/#mastermind-scala/Compile"}}})[0m
[0m[[0m[0mdebug[0m] [0m[0mjsonRpcNotify: JsonRpcNotificationMessage(2.0, build/taskProgress, {"taskId":{"id":"3","parents":[]},"eventTime":1658306419588,"message":"Compiling mastermind-scala (50%)","total":26,"progress":50,"dataKind":"compile-progress","data":{"target":{"uri":"file:/C:/Users/msi/Documents/GitHub/Mastermind-Scala/#mastermind-scala/Compile"}}})[0m
[0m[[0m[0mdebug[0m] [0m[0mjsonRpcNotify: JsonRpcNotificationMessage(2.0, build/taskProgress, {"taskId":{"id":"3","parents":[]},"eventTime":1658306419786,"message":"Compiling mastermind-scala (65%)","total":26,"progress":65,"dataKind":"compile-progress","data":{"target":{"uri":"file:/C:/Users/msi/Documents/GitHub/Mastermind-Scala/#mastermind-scala/Compile"}}})[0m
[0m[[0m[0mdebug[0m] [0m[0mjsonRpcNotify: JsonRpcNotificationMessage(2.0, build/taskProgress, {"taskId":{"id":"3","parents":[]},"eventTime":1658306419786,"message":"Compiling mastermind-scala (65%)","total":26,"progress":65,"dataKind":"compile-progress","data":{"target":{"uri":"file:/C:/Users/msi/Documents/GitHub/Mastermind-Scala/#mastermind-scala/Compile"}}})[0m
[0m[[0m[0mdebug[0m] [0m[0mjsonRpcNotify: JsonRpcNotificationMessage(2.0, build/taskProgress, {"taskId":{"id":"3","parents":[]},"eventTime":1658306419798,"message":"Compiling mastermind-scala (80%)","total":26,"progress":80,"dataKind":"compile-progress","data":{"target":{"uri":"file:/C:/Users/msi/Documents/GitHub/Mastermind-Scala/#mastermind-scala/Compile"}}})[0m
[0m[[0m[0mdebug[0m] [0m[0mjsonRpcNotify: JsonRpcNotificationMessage(2.0, build/taskProgress, {"taskId":{"id":"3","parents":[]},"eventTime":1658306419798,"message":"Compiling mastermind-scala (80%)","total":26,"progress":80,"dataKind":"compile-progress","data":{"target":{"uri":"file:/C:/Users/msi/Documents/GitHub/Mastermind-Scala/#mastermind-scala/Compile"}}})[0m
[0m[[0m[0mdebug[0m] [0m[0mjsonRpcNotify: JsonRpcNotificationMessage(2.0, build/taskProgress, {"taskId":{"id":"3","parents":[]},"eventTime":1658306419866,"message":"Compiling mastermind-scala (100%)","total":26,"progress":100,"dataKind":"compile-progress","data":{"target":{"uri":"file:/C:/Users/msi/Documents/GitHub/Mastermind-Scala/#mastermind-scala/Compile"}}})[0m
[0m[[0m[0mdebug[0m] [0m[0mjsonRpcNotify: JsonRpcNotificationMessage(2.0, build/taskProgress, {"taskId":{"id":"3","parents":[]},"eventTime":1658306419867,"message":"Compiling mastermind-scala (100%)","total":26,"progress":100,"dataKind":"compile-progress","data":{"target":{"uri":"file:/C:/Users/msi/Documents/GitHub/Mastermind-Scala/#mastermind-scala/Compile"}}})[0m
[0m[[0m[0mdebug[0m] [0m[0mjsonRpcNotify: JsonRpcNotificationMessage(2.0, build/publishDiagnostics, {"textDocument":{"uri":"file:///C:/Users/msi/Documents/GitHub/Mastermind-Scala/src/main/scala/ch/makery/mastermind/model/Row.scala"},"buildTarget":{"uri":"file:/C:/Users/msi/Documents/GitHub/Mastermind-Scala/#mastermind-scala/Compile"},"diagnostics":[{"range":{"start":{"line":2,"character":0},"end":{"line":2,"character":7}},"severity":2,"source":"sbt","message":"imported `Peg' is permanently hidden by definition of class Peg in package model"}],"reset":true})[0m
[0m[[0m[0mdebug[0m] [0m[0mjsonRpcNotify: JsonRpcNotificationMessage(2.0, build/publishDiagnostics, {"textDocument":{"uri":"file:///C:/Users/msi/Documents/GitHub/Mastermind-Scala/src/main/scala/ch/makery/mastermind/view/howToPlayController.scala"},"buildTarget":{"uri":"file:/C:/Users/msi/Documents/GitHub/Mastermind-Scala/#mastermind-scala/Compile"},"diagnostics":[],"reset":true})[0m
[0m[[0m[0mdebug[0m] [0m[0mjsonRpcNotify: JsonRpcNotificationMessage(2.0, build/publishDiagnostics, {"textDocument":{"uri":"file:///C:/Users/msi/Documents/GitHub/Mastermind-Scala/src/main/scala/ch/makery/mastermind/view/WinController.scala"},"buildTarget":{"uri":"file:/C:/Users/msi/Documents/GitHub/Mastermind-Scala/#mastermind-scala/Compile"},"diagnostics":[],"reset":true})[0m
[0m[[0m[0mdebug[0m] [0m[0mjsonRpcNotify: JsonRpcNotificationMessage(2.0, build/publishDiagnostics, {"textDocument":{"uri":"file:///C:/Users/msi/Documents/GitHub/Mastermind-Scala/src/main/scala/ch/makery/mastermind/model/Peg.scala"},"buildTarget":{"uri":"file:/C:/Users/msi/Documents/GitHub/Mastermind-Scala/#mastermind-scala/Compile"},"diagnostics":[],"reset":true})[0m
[0m[[0m[0mdebug[0m] [0m[0mjsonRpcNotify: JsonRpcNotificationMessage(2.0, build/publishDiagnostics, {"textDocument":{"uri":"file:///C:/Users/msi/Documents/GitHub/Mastermind-Scala/src/main/scala/ch/makery/mastermind/MainApp.scala"},"buildTarget":{"uri":"file:/C:/Users/msi/Documents/GitHub/Mastermind-Scala/#mastermind-scala/Compile"},"diagnostics":[],"reset":true})[0m
[0m[[0m[0mdebug[0m] [0m[0mjsonRpcNotify: JsonRpcNotificationMessage(2.0, build/publishDiagnostics, {"textDocument":{"uri":"file:///C:/Users/msi/Documents/GitHub/Mastermind-Scala/src/main/scala/ch/makery/mastermind/view/mainMenuController.scala"},"buildTarget":{"uri":"file:/C:/Users/msi/Documents/GitHub/Mastermind-Scala/#mastermind-scala/Compile"},"diagnostics":[],"reset":true})[0m
[0m[[0m[0mdebug[0m] [0m[0mjsonRpcNotify: JsonRpcNotificationMessage(2.0, build/publishDiagnostics, {"textDocument":{"uri":"file:///C:/Users/msi/Documents/GitHub/Mastermind-Scala/src/main/scala/ch/makery/mastermind/view/gameController.scala"},"buildTarget":{"uri":"file:/C:/Users/msi/Documents/GitHub/Mastermind-Scala/#mastermind-scala/Compile"},"diagnostics":[],"reset":true})[0m
[0m[[0m[0mdebug[0m] [0m[0mjsonRpcNotify: JsonRpcNotificationMessage(2.0, build/publishDiagnostics, {"textDocument":{"uri":"file:///C:/Users/msi/Documents/GitHub/Mastermind-Scala/src/main/scala/ch/makery/mastermind/view/LoseController.scala"},"buildTarget":{"uri":"file:/C:/Users/msi/Documents/GitHub/Mastermind-Scala/#mastermind-scala/Compile"},"diagnostics":[],"reset":true})[0m
[0m[[0m[0mdebug[0m] [0m[0mjsonRpcNotify: JsonRpcNotificationMessage(2.0, build/taskFinish, {"taskId":{"id":"3","parents":[]},"eventTime":1658306419885,"message":"Compiled mastermind-scala","status":1,"dataKind":"compile-report","data":{"target":{"uri":"file:/C:/Users/msi/Documents/GitHub/Mastermind-Scala/#mastermind-scala/Compile"},"errors":0,"warnings":1,"time":959}})[0m
[0m[[0m[0mdebug[0m] [0m[0mjsonRpcNotify: JsonRpcNotificationMessage(2.0, build/taskStart, {"taskId":{"id":"4","parents":[]},"eventTime":1658306419920,"message":"Compiling mastermind-scala-test","dataKind":"compile-task","data":{"target":{"uri":"file:/C:/Users/msi/Documents/GitHub/Mastermind-Scala/#mastermind-scala/Test"}}})[0m
[0m[[0m[0mdebug[0m] [0m[0mjsonRpcNotify: JsonRpcNotificationMessage(2.0, build/taskFinish, {"taskId":{"id":"4","parents":[]},"eventTime":1658306419933,"message":"Compiled mastermind-scala-test","status":1,"dataKind":"compile-report","data":{"target":{"uri":"file:/C:/Users/msi/Documents/GitHub/Mastermind-Scala/#mastermind-scala/Test"},"errors":0,"warnings":0,"time":13}})[0m
[0m[[0m[0mdebug[0m] [0m[0mForcing garbage collection...[0m
[0m[[0m[32msuccess[0m] [0m[0mTotal time: 2 s, completed Jul 20, 2022 4:40:20 PM[0m
[0m[[0m[0mdebug[0m] [0m[0munmatched Done event for requestId None: None[0m
[0m[[0m[0mdebug[0m] [0m[0m> Exec(collectAnalyses, None, Some(CommandSource(network-1)))[0m
[0m[[0m[0mdebug[0m] [0m[0munmatched Processing event for requestId None: None[0m
[0m[[0m[0mdebug[0m] [0m[0mEvaluating tasks: Compile / collectAnalyses[0m
[0m[[0m[0mdebug[0m] [0m[0mRunning task... Cancel: Signal, check cycles: false, forcegc: true[0m
[0m[[0m[0mdebug[0m] [0m[0manalysis location (C:\Users\msi\Documents\GitHub\Mastermind-Scala\target\scala-2.12\zinc\inc_compile_2.12.zip,true)[0m
[0m[[0m[32msuccess[0m] [0m[0mTotal time: 0 s, completed Jul 20, 2022 4:40:20 PM[0m
[0m[[0m[0mdebug[0m] [0m[0munmatched Done event for requestId None: None[0m
[0m[[0m[0mdebug[0m] [0m[0m> Exec(shell, None, None)[0m
[0m[[0m[0mdebug[0m] [0m[0msymbol ImageView[0m
[0m[[0m[0mdebug[0m] [0m[0mlsp-definition potentials: Set()[0m
[0m[[0m[0mdebug[0m] [0m[0mlsp-definition locations Vector()[0m
[0m[[0m[0mdebug[0m] [0m[0mUnhandled notification received: textDocument/didOpen: JsonRpcNotificationMessage(2.0, textDocument/didOpen, {"textDocument":{"uri":"file:///c%3A/Users/msi/Documents/GitHub/Mastermind-Scala/src/main/scala/ch/makery/mastermind/model/Peg.scala","languageId":"scala","version":1,"text":"package ch.makery.mastermind.model \r\n\r\nimport scala.util.Random\r\nimport scalafx.scene.shape.{Rectangle, Circle}\r\nimport scalafx.scene.paint.Color\r\n\r\nclass Peg(peg: Circle){\r\n\r\n    var colorString: String = \"White\" \r\n\r\n    def setColor(color: String): Unit = {\r\n        if (color == \"Red\") {\r\n            colorString = \"Red\"\r\n            peg.fill = scalafx.scene.paint.Color.Red\r\n        }\r\n        else if (color == \"Blue\") {\r\n            colorString = \"Blue\"\r\n            peg.fill = scalafx.scene.paint.Color.Blue\r\n        }\r\n        else if (color == \"Green\") {\r\n            colorString = \"Green\"\r\n            peg.fill = scalafx.scene.paint.Color.Green\r\n        }\r\n        else if (color == \"Yellow\") {\r\n            colorString = \"Yellow\"\r\n            peg.fill = scalafx.scene.paint.Color.Yellow\r\n        }\r\n        else if (color == \"Orange\") {\r\n            colorString = \"Orange\"\r\n            peg.fill = scalafx.scene.paint.Color.Orange\r\n        }\r\n        else if (color == \"Purple\") {\r\n            colorString = \"Purple\"\r\n            peg.fill = scalafx.scene.paint.Color.Purple\r\n        }\r\n        else if (color == \"Black\") {\r\n            colorString = \"Black\"\r\n            peg.fill = scalafx.scene.paint.Color.Black\r\n        }\r\n        else if (color == \"White\") {\r\n            colorString = \"White\"\r\n            peg.fill = scalafx.scene.paint.Color.White\r\n        }\r\n    }\r\n\r\n    def getColor(): String = {\r\n        return colorString\r\n    }\r\n\r\n}"}})[0m
[0m[[0m[0mdebug[0m] [0m[0mUnhandled notification received: textDocument/didClose: JsonRpcNotificationMessage(2.0, textDocument/didClose, {"textDocument":{"uri":"file:///c%3A/Users/msi/Documents/GitHub/Mastermind-Scala/src/main/scala/ch/makery/mastermind/model/Peg.scala"}})[0m
[0m[[0m[0mdebug[0m] [0m[0mUnhandled notification received: textDocument/didOpen: JsonRpcNotificationMessage(2.0, textDocument/didOpen, {"textDocument":{"uri":"file:///c%3A/Users/msi/Documents/GitHub/Mastermind-Scala/src/main/scala/ch/makery/mastermind/model/Row.scala","languageId":"scala","version":1,"text":"package ch.makery.mastermind.model \r\n\r\nimport ch.makery.mastermind.model.Peg\r\n\r\nclass Row(peg1: Peg, peg2: Peg, peg3: Peg, peg4: Peg){\r\n\r\n    var rowList = List(peg1, peg2, peg3, peg4)\r\n\r\n    def getPeg(index: Int): Peg = {\r\n        return rowList(index)\r\n    }\r\n\r\n    def getPegList(): List[Peg] = {\r\n        return rowList\r\n    }\r\n\r\n}"}})[0m
[0m[[0m[0mdebug[0m] [0m[0mForcing garbage collection...[0m
[0m[[0m[0mdebug[0m] [0m[0mUnhandled request received: shutdown: JsonRpcRequestMessage(2.0, ♨2, shutdown, null})[0m
